2018-08-21 23:24:59,188 - TestMyLog - INFO - ctpn inti
2018-08-21 23:25:09,843 - TestMyLog - INFO - ctpn inti
2018-08-21 23:28:20,585 - TestMyLog - INFO - request input : 
{
    "FileList":[
        "test_images/demo.jpg"
    ],
    "Image":"",
    "TraceId":"20180808010101-0000001"
}
2018-08-21 23:28:20,586 - TestMyLog - INFO - predict test_images/demo.jpg begin
2018-08-21 23:30:21,834 - TestMyLog - INFO - ctpn inti
2018-08-21 23:30:32,204 - TestMyLog - INFO - ctpn inti
2018-08-21 23:30:48,297 - TestMyLog - INFO - request input : 
{
    "FileList":[
        "test_images/demo.jpg"
    ],
    "Image":"",
    "TraceId":"20180808010101-0000001"
}
2018-08-21 23:30:48,298 - TestMyLog - INFO - predict test_images/demo.jpg begin
2018-08-21 23:31:47,462 - TestMyLog - INFO - request input : 
{
    "FileList":[
        "./test_images/demo.jpg"
    ],
    "Image":"",
    "TraceId":"20180808010101-0000001"
}
2018-08-21 23:31:47,462 - TestMyLog - INFO - predict ./test_images/demo.jpg begin
2018-08-21 23:34:08,972 - TestMyLog - INFO - ctpn inti
2018-08-21 23:34:19,527 - TestMyLog - INFO - ctpn inti
2018-08-21 23:34:29,513 - TestMyLog - INFO - request input : 
{
    "FileList":[
        "./test_images/demo.jpg"
    ],
    "Image":"",
    "TraceId":"20180808010101-0000001"
}
2018-08-21 23:34:29,514 - TestMyLog - INFO - predict ./test_images/demo.jpg begin
2018-08-21 23:35:14,250 - TestMyLog - INFO - ctpn inti
2018-08-21 23:35:24,750 - TestMyLog - INFO - ctpn inti
2018-08-21 23:35:34,985 - TestMyLog - INFO - request input : 
{
    "FileList":[
        "./test_images/demo.jpg"
    ],
    "Image":"",
    "TraceId":"20180808010101-0000001"
}
2018-08-21 23:35:34,985 - TestMyLog - INFO - predict ./test_images/demo.jpg begin
2018-08-21 23:36:06,121 - TestMyLog - INFO - Mission complete, it took 31.136s
2018-08-21 23:36:06,122 - TestMyLog - INFO - request output : 
{
    "errorcode":"0",
    "errormsg":"OK",
    "file":"./test_images/demo.jpg",
    "items":[
        {
            "itemconf":0.9734989404678345,
            "itemcoord":[
                143.96426391601562,
                494.6623229980469,
                816.0,
                493.8321228027344,
                144.0,
                523.5880737304688,
                816.0357055664062
            ]
        },
        {
            "itemconf":0.9785917401313782,
            "itemcoord":[
                143.947998046875,
                679.5347900390625,
                816.0,
                678.42431640625,
                144.0,
                711.0028686523438,
                816.052001953125
            ]
        },
        {
            "itemconf":0.9747254252433777,
            "itemcoord":[
                144.0,
                5.4437174797058105,
                816.003173828125,
                5.515200614929199,
                143.99684143066406,
                35.14686584472656,
                816.0
            ]
        },
        {
            "itemconf":0.9827093482017517,
            "itemcoord":[
                144.0,
                153.52159118652344,
                816.0316772460938,
                154.17616271972656,
                143.9683074951172,
                186.0606689453125,
                816.0
            ]
        },
        {
            "itemconf":0.9828020930290222,
            "itemcoord":[
                144.0,
                869.2247924804688,
                816.0364379882812,
                870.11181640625,
                143.9635772705078,
                896.8162841796875,
                816.0
            ]
        },
        {
            "itemconf":0.9815490245819092,
            "itemcoord":[
                144.0,
                306.1710510253906,
                800.07958984375,
                307.9681091308594,
                143.92041015625,
                335.2298889160156,
                800.0
            ]
        },
        {
            "itemconf":0.9865671396255493,
            "itemcoord":[
                111.92919921875,
                606.0446166992188,
                816.0,
                604.4586181640625,
                112.0,
                637.4750366210938,
                816.07080078125
            ]
        },
        {
            "itemconf":0.9813819527626038,
            "itemcoord":[
                111.99175262451172,
                117.24832153320312,
                624.0,
                117.11056518554688,
                112.0,
                147.89735412597656,
                624.0082397460938
            ]
        },
        {
            "itemconf":0.98801189661026,
            "itemcoord":[
                111.96642303466797,
                791.1217041015625,
                800.0,
                790.40234375,
                112.0,
                823.2363891601562,
                800.0335693359375
            ]
        },
        {
            "itemconf":0.9747151136398315,
            "itemcoord":[
                111.93840026855469,
                193.3380889892578,
                800.0,
                191.8654327392578,
                112.0,
                222.11935424804688,
                800.0615844726562
            ]
        },
        {
            "itemconf":0.984032392501831,
            "itemcoord":[
                111.91547393798828,
                718.2447509765625,
                800.0,
                716.3286743164062,
                112.0,
                748.5978393554688,
                800.0845336914062
            ]
        },
        {
            "itemconf":0.995968759059906,
            "itemcoord":[
                111.96808624267578,
                566.8378295898438,
                800.0,
                566.1689453125,
                112.0,
                599.6618041992188,
                800.0319213867188
            ]
        },
        {
            "itemconf":0.9881898760795593,
            "itemcoord":[
                112.0,
                41.317413330078125,
                816.0013427734375,
                41.345584869384766,
                111.99867248535156,
                74.49046325683594,
                816.0
            ]
        },
        {
            "itemconf":0.9883561730384827,
            "itemcoord":[
                112.0,
                379.4111022949219,
                816.00146484375,
                379.443603515625,
                111.9985122680664,
                411.61480712890625,
                816.0
            ]
        },
        {
            "itemconf":0.990266740322113,
            "itemcoord":[
                112.0,
                229.0714569091797,
                816.0027465820312,
                229.1340789794922,
                111.99726104736328,
                259.89630126953125,
                816.0
            ]
        },
        {
            "itemconf":0.9834849834442139,
            "itemcoord":[
                112.0,
                342.4230651855469,
                816.0109252929688,
                342.6776123046875,
                111.98910522460938,
                372.5558776855469,
                816.0
            ]
        },
        {
            "itemconf":0.9946443438529968,
            "itemcoord":[
                112.0,
                531.6578979492188,
                800.0361938476562,
                532.4815063476562,
                111.96379089355469,
                561.9073486328125,
                800.0
            ]
        },
        {
            "itemconf":0.9601036310195923,
            "itemcoord":[
                112.0,
                418.1766357421875,
                816.0386962890625,
                419.101318359375,
                111.9613037109375,
                447.6405944824219,
                816.0
            ]
        },
        {
            "itemconf":0.8891814947128296,
            "itemcoord":[
                112.0,
                832.02587890625,
                288.0439147949219,
                832.3145751953125,
                111.95610046386719,
                858.7957153320312,
                288.0
            ]
        },
        {
            "itemconf":0.9792687296867371,
            "itemcoord":[
                112.0,
                454.2679138183594,
                240.0729217529297,
                454.5650634765625,
                111.92707824707031,
                485.6978454589844,
                240.0
            ]
        },
        {
            "itemconf":0.9936532378196716,
            "itemcoord":[
                112.0,
                642.8131103515625,
                800.0897216796875,
                644.8404541015625,
                111.91029357910156,
                673.2599487304688,
                800.0
            ]
        },
        {
            "itemconf":0.9650871157646179,
            "itemcoord":[
                112.0,
                755.1364135742188,
                816.095947265625,
                757.438232421875,
                111.90403747558594,
                784.4883422851562,
                816.0
            ]
        },
        {
            "itemconf":0.9816058874130249,
            "itemcoord":[
                112.0,
                79.88433074951172,
                800.113525390625,
                82.43319702148438,
                111.886474609375,
                110.5326919555664,
                800.0
            ]
        },
        {
            "itemconf":0.9800471067428589,
            "itemcoord":[
                112.0,
                267.3511962890625,
                240.58660888671875,
                269.8958435058594,
                111.41338348388672,
                296.9942626953125,
                240.0
            ]
        }
    ]
}
