2018-08-22 09:41:58,880 - TestMyLog - INFO - ctpn inti
2018-08-22 09:42:09,941 - TestMyLog - INFO - ctpn inti
2018-08-22 09:43:06,194 - TestMyLog - INFO - request input : 
{
    "FileList":[
        "./test_images/demo.jpg"
    ],
    "Image":"",
    "TraceId":"20180808010101-0000001"
}
2018-08-22 09:43:06,194 - TestMyLog - INFO - predict ./test_images/demo.jpg begin
2018-08-22 09:43:36,920 - TestMyLog - INFO - Mission complete, it took 30.726s
2018-08-22 09:43:36,922 - TestMyLog - INFO - request output : 
{
    "errorcode":"0",
    "errormsg":"OK",
    "file":"./test_images/demo.jpg",
    "items":[
        {
            "itemconf":0.9734989404678345,
            "itemcoord":[
                143.96426391601562,
                494.6623229980469,
                816.0,
                493.8321228027344,
                144.0,
                523.5880737304688,
                816.0357055664062
            ]
        },
        {
            "itemconf":0.9785917401313782,
            "itemcoord":[
                143.947998046875,
                679.5347900390625,
                816.0,
                678.42431640625,
                144.0,
                711.0028686523438,
                816.052001953125
            ]
        },
        {
            "itemconf":0.9747254252433777,
            "itemcoord":[
                144.0,
                5.4437174797058105,
                816.003173828125,
                5.515200614929199,
                143.99684143066406,
                35.14686584472656,
                816.0
            ]
        },
        {
            "itemconf":0.9827093482017517,
            "itemcoord":[
                144.0,
                153.52159118652344,
                816.0316772460938,
                154.17616271972656,
                143.9683074951172,
                186.0606689453125,
                816.0
            ]
        },
        {
            "itemconf":0.9828020930290222,
            "itemcoord":[
                144.0,
                869.2247924804688,
                816.0364379882812,
                870.11181640625,
                143.9635772705078,
                896.8162841796875,
                816.0
            ]
        },
        {
            "itemconf":0.9815490245819092,
            "itemcoord":[
                144.0,
                306.1710510253906,
                800.07958984375,
                307.9681091308594,
                143.92041015625,
                335.2298889160156,
                800.0
            ]
        },
        {
            "itemconf":0.9865671396255493,
            "itemcoord":[
                111.92919921875,
                606.0446166992188,
                816.0,
                604.4586181640625,
                112.0,
                637.4750366210938,
                816.07080078125
            ]
        },
        {
            "itemconf":0.9813819527626038,
            "itemcoord":[
                111.99175262451172,
                117.24832153320312,
                624.0,
                117.11056518554688,
                112.0,
                147.89735412597656,
                624.0082397460938
            ]
        },
        {
            "itemconf":0.98801189661026,
            "itemcoord":[
                111.96642303466797,
                791.1217041015625,
                800.0,
                790.40234375,
                112.0,
                823.2363891601562,
                800.0335693359375
            ]
        },
        {
            "itemconf":0.9747151136398315,
            "itemcoord":[
                111.93840026855469,
                193.3380889892578,
                800.0,
                191.8654327392578,
                112.0,
                222.11935424804688,
                800.0615844726562
            ]
        },
        {
            "itemconf":0.984032392501831,
            "itemcoord":[
                111.91547393798828,
                718.2447509765625,
                800.0,
                716.3286743164062,
                112.0,
                748.5978393554688,
                800.0845336914062
            ]
        },
        {
            "itemconf":0.995968759059906,
            "itemcoord":[
                111.96808624267578,
                566.8378295898438,
                800.0,
                566.1689453125,
                112.0,
                599.6618041992188,
                800.0319213867188
            ]
        },
        {
            "itemconf":0.9881898760795593,
            "itemcoord":[
                112.0,
                41.317413330078125,
                816.0013427734375,
                41.345584869384766,
                111.99867248535156,
                74.49046325683594,
                816.0
            ]
        },
        {
            "itemconf":0.9883561730384827,
            "itemcoord":[
                112.0,
                379.4111022949219,
                816.00146484375,
                379.443603515625,
                111.9985122680664,
                411.61480712890625,
                816.0
            ]
        },
        {
            "itemconf":0.990266740322113,
            "itemcoord":[
                112.0,
                229.0714569091797,
                816.0027465820312,
                229.1340789794922,
                111.99726104736328,
                259.89630126953125,
                816.0
            ]
        },
        {
            "itemconf":0.9834849834442139,
            "itemcoord":[
                112.0,
                342.4230651855469,
                816.0109252929688,
                342.6776123046875,
                111.98910522460938,
                372.5558776855469,
                816.0
            ]
        },
        {
            "itemconf":0.9946443438529968,
            "itemcoord":[
                112.0,
                531.6578979492188,
                800.0361938476562,
                532.4815063476562,
                111.96379089355469,
                561.9073486328125,
                800.0
            ]
        },
        {
            "itemconf":0.9601036310195923,
            "itemcoord":[
                112.0,
                418.1766357421875,
                816.0386962890625,
                419.101318359375,
                111.9613037109375,
                447.6405944824219,
                816.0
            ]
        },
        {
            "itemconf":0.8891814947128296,
            "itemcoord":[
                112.0,
                832.02587890625,
                288.0439147949219,
                832.3145751953125,
                111.95610046386719,
                858.7957153320312,
                288.0
            ]
        },
        {
            "itemconf":0.9792687296867371,
            "itemcoord":[
                112.0,
                454.2679138183594,
                240.0729217529297,
                454.5650634765625,
                111.92707824707031,
                485.6978454589844,
                240.0
            ]
        },
        {
            "itemconf":0.9936532378196716,
            "itemcoord":[
                112.0,
                642.8131103515625,
                800.0897216796875,
                644.8404541015625,
                111.91029357910156,
                673.2599487304688,
                800.0
            ]
        },
        {
            "itemconf":0.9650871157646179,
            "itemcoord":[
                112.0,
                755.1364135742188,
                816.095947265625,
                757.438232421875,
                111.90403747558594,
                784.4883422851562,
                816.0
            ]
        },
        {
            "itemconf":0.9816058874130249,
            "itemcoord":[
                112.0,
                79.88433074951172,
                800.113525390625,
                82.43319702148438,
                111.886474609375,
                110.5326919555664,
                800.0
            ]
        },
        {
            "itemconf":0.9800471067428589,
            "itemcoord":[
                112.0,
                267.3511962890625,
                240.58660888671875,
                269.8958435058594,
                111.41338348388672,
                296.9942626953125,
                240.0
            ]
        }
    ]
}
2018-08-22 09:50:09,246 - TestMyLog - INFO - ctpn inti
2018-08-22 09:50:21,570 - TestMyLog - INFO - ctpn inti
2018-08-22 09:50:48,797 - TestMyLog - INFO - request input : 
{
    "FileList":[
        "./test_images/demo.jpg"
    ],
    "Image":"",
    "TraceId":"20180808010101-0000001"
}
2018-08-22 09:50:48,797 - TestMyLog - INFO - predict ./test_images/demo.jpg begin
2018-08-22 09:51:19,288 - TestMyLog - INFO - Mission complete, it took 30.491s
2018-08-22 09:51:19,289 - TestMyLog - INFO - request output : 
{
    "errorcode":"0",
    "errormsg":"OK",
    "file":"./test_images/demo.jpg",
    "items":[
        {
            "itemconf":0.9734989404678345,
            "itemcoord":[
                143.96426391601562,
                494.6623229980469,
                816.0,
                493.8321228027344,
                144.0,
                523.5880737304688,
                816.0357055664062
            ]
        },
        {
            "itemconf":0.9785917401313782,
            "itemcoord":[
                143.947998046875,
                679.5347900390625,
                816.0,
                678.42431640625,
                144.0,
                711.0028686523438,
                816.052001953125
            ]
        },
        {
            "itemconf":0.9747254252433777,
            "itemcoord":[
                144.0,
                5.4437174797058105,
                816.003173828125,
                5.515200614929199,
                143.99684143066406,
                35.14686584472656,
                816.0
            ]
        },
        {
            "itemconf":0.9827093482017517,
            "itemcoord":[
                144.0,
                153.52159118652344,
                816.0316772460938,
                154.17616271972656,
                143.9683074951172,
                186.0606689453125,
                816.0
            ]
        },
        {
            "itemconf":0.9828020930290222,
            "itemcoord":[
                144.0,
                869.2247924804688,
                816.0364379882812,
                870.11181640625,
                143.9635772705078,
                896.8162841796875,
                816.0
            ]
        },
        {
            "itemconf":0.9815490245819092,
            "itemcoord":[
                144.0,
                306.1710510253906,
                800.07958984375,
                307.9681091308594,
                143.92041015625,
                335.2298889160156,
                800.0
            ]
        },
        {
            "itemconf":0.9865671396255493,
            "itemcoord":[
                111.92919921875,
                606.0446166992188,
                816.0,
                604.4586181640625,
                112.0,
                637.4750366210938,
                816.07080078125
            ]
        },
        {
            "itemconf":0.9813819527626038,
            "itemcoord":[
                111.99175262451172,
                117.24832153320312,
                624.0,
                117.11056518554688,
                112.0,
                147.89735412597656,
                624.0082397460938
            ]
        },
        {
            "itemconf":0.98801189661026,
            "itemcoord":[
                111.96642303466797,
                791.1217041015625,
                800.0,
                790.40234375,
                112.0,
                823.2363891601562,
                800.0335693359375
            ]
        },
        {
            "itemconf":0.9747151136398315,
            "itemcoord":[
                111.93840026855469,
                193.3380889892578,
                800.0,
                191.8654327392578,
                112.0,
                222.11935424804688,
                800.0615844726562
            ]
        },
        {
            "itemconf":0.984032392501831,
            "itemcoord":[
                111.91547393798828,
                718.2447509765625,
                800.0,
                716.3286743164062,
                112.0,
                748.5978393554688,
                800.0845336914062
            ]
        },
        {
            "itemconf":0.995968759059906,
            "itemcoord":[
                111.96808624267578,
                566.8378295898438,
                800.0,
                566.1689453125,
                112.0,
                599.6618041992188,
                800.0319213867188
            ]
        },
        {
            "itemconf":0.9881898760795593,
            "itemcoord":[
                112.0,
                41.317413330078125,
                816.0013427734375,
                41.345584869384766,
                111.99867248535156,
                74.49046325683594,
                816.0
            ]
        },
        {
            "itemconf":0.9883561730384827,
            "itemcoord":[
                112.0,
                379.4111022949219,
                816.00146484375,
                379.443603515625,
                111.9985122680664,
                411.61480712890625,
                816.0
            ]
        },
        {
            "itemconf":0.990266740322113,
            "itemcoord":[
                112.0,
                229.0714569091797,
                816.0027465820312,
                229.1340789794922,
                111.99726104736328,
                259.89630126953125,
                816.0
            ]
        },
        {
            "itemconf":0.9834849834442139,
            "itemcoord":[
                112.0,
                342.4230651855469,
                816.0109252929688,
                342.6776123046875,
                111.98910522460938,
                372.5558776855469,
                816.0
            ]
        },
        {
            "itemconf":0.9946443438529968,
            "itemcoord":[
                112.0,
                531.6578979492188,
                800.0361938476562,
                532.4815063476562,
                111.96379089355469,
                561.9073486328125,
                800.0
            ]
        },
        {
            "itemconf":0.9601036310195923,
            "itemcoord":[
                112.0,
                418.1766357421875,
                816.0386962890625,
                419.101318359375,
                111.9613037109375,
                447.6405944824219,
                816.0
            ]
        },
        {
            "itemconf":0.8891814947128296,
            "itemcoord":[
                112.0,
                832.02587890625,
                288.0439147949219,
                832.3145751953125,
                111.95610046386719,
                858.7957153320312,
                288.0
            ]
        },
        {
            "itemconf":0.9792687296867371,
            "itemcoord":[
                112.0,
                454.2679138183594,
                240.0729217529297,
                454.5650634765625,
                111.92707824707031,
                485.6978454589844,
                240.0
            ]
        },
        {
            "itemconf":0.9936532378196716,
            "itemcoord":[
                112.0,
                642.8131103515625,
                800.0897216796875,
                644.8404541015625,
                111.91029357910156,
                673.2599487304688,
                800.0
            ]
        },
        {
            "itemconf":0.9650871157646179,
            "itemcoord":[
                112.0,
                755.1364135742188,
                816.095947265625,
                757.438232421875,
                111.90403747558594,
                784.4883422851562,
                816.0
            ]
        },
        {
            "itemconf":0.9816058874130249,
            "itemcoord":[
                112.0,
                79.88433074951172,
                800.113525390625,
                82.43319702148438,
                111.886474609375,
                110.5326919555664,
                800.0
            ]
        },
        {
            "itemconf":0.9800471067428589,
            "itemcoord":[
                112.0,
                267.3511962890625,
                240.58660888671875,
                269.8958435058594,
                111.41338348388672,
                296.9942626953125,
                240.0
            ]
        }
    ]
}
2018-08-22 10:07:41,115 - TestMyLog - INFO - ctpn inti
2018-08-22 10:07:51,535 - TestMyLog - INFO - ctpn inti
2018-08-22 10:08:19,984 - TestMyLog - INFO - ctpn inti
2018-08-22 10:08:39,732 - TestMyLog - INFO - request input : 
{
    "FileList":[
        "./test_images/demo.jpg"
    ],
    "Image":"",
    "TraceId":"20180808010101-0000001"
}
2018-08-22 10:08:39,733 - TestMyLog - INFO - predict ./test_images/demo.jpg begin
2018-08-22 10:11:12,541 - TestMyLog - INFO - ctpn inti
2018-08-22 10:11:28,797 - TestMyLog - INFO - request input : 
{
    "FileList":[
        "./test_images/demo.jpg"
    ],
    "Image":"",
    "TraceId":"20180808010101-0000001"
}
2018-08-22 10:11:28,797 - TestMyLog - INFO - predict ./test_images/demo.jpg begin
2018-08-22 10:15:41,030 - TestMyLog - INFO - ctpn inti
2018-08-22 10:15:59,241 - TestMyLog - INFO - request input : 
{
    "FileList":[
        "./test_images/demo.jpg"
    ],
    "Image":"",
    "TraceId":"20180808010101-0000001"
}
2018-08-22 10:15:59,241 - TestMyLog - INFO - predict ./test_images/demo.jpg begin
2018-08-22 10:17:08,257 - TestMyLog - INFO - ctpn inti
2018-08-22 10:17:22,146 - TestMyLog - INFO - request input : 
{
    "FileList":[
        "./test_images/demo.jpg"
    ],
    "Image":"",
    "TraceId":"20180808010101-0000001"
}
2018-08-22 10:17:22,147 - TestMyLog - INFO - predict ./test_images/demo.jpg begin
2018-08-22 10:23:04,887 - TestMyLog - INFO - ctpn inti
2018-08-22 10:23:14,800 - TestMyLog - INFO - request input : 
{
    "FileList":[
        "./test_images/demo.jpg"
    ],
    "Image":"",
    "TraceId":"20180808010101-0000001"
}
2018-08-22 10:23:14,801 - TestMyLog - INFO - predict ./test_images/demo.jpg begin
2018-08-22 10:29:39,931 - TestMyLog - INFO - ctpn inti
2018-08-22 10:29:56,842 - TestMyLog - INFO - request input : 
{
    "FileList":[
        "./test_images/demo.jpg"
    ],
    "Image":"",
    "TraceId":"20180808010101-0000001"
}
2018-08-22 10:29:56,843 - TestMyLog - INFO - predict ./test_images/demo.jpg begin
2018-08-22 10:35:44,067 - TestMyLog - INFO - ctpn inti
2018-08-22 10:35:57,277 - TestMyLog - INFO - request input : 
{
    "FileList":[
        "./test_images/demo.jpg"
    ],
    "Image":"",
    "TraceId":"20180808010101-0000001"
}
2018-08-22 10:35:57,278 - TestMyLog - INFO - predict ./test_images/demo.jpg begin
2018-08-22 10:59:59,889 - TestMyLog - INFO - ctpn inti
2018-08-22 11:00:11,911 - TestMyLog - INFO - request input : 
{
    "FileList":[
        "./test_images/demo.jpg"
    ],
    "Image":"",
    "TraceId":"20180808010101-0000001"
}
2018-08-22 11:00:11,911 - TestMyLog - INFO - predict ./test_images/demo.jpg begin
2018-08-22 11:19:41,551 - TestMyLog - INFO - ctpn inti
2018-08-22 11:19:51,475 - TestMyLog - INFO - ctpn inti
2018-08-22 11:19:51,475 - TestMyLog - INFO - ctpn inti
2018-08-22 11:26:01,303 - TestMyLog - INFO - ctpn inti
2018-08-22 11:26:59,903 - TestMyLog - INFO - ctpn inti
2018-08-22 11:28:18,515 - TestMyLog - INFO - request input : 
{
    "FileList":[
        "./test_images/demo.jpg"
    ],
    "Image":"",
    "TraceId":"20180808010101-0000001"
}
2018-08-22 11:28:18,515 - TestMyLog - INFO - predict ./test_images/demo.jpg begin
2018-08-22 11:28:59,100 - TestMyLog - INFO - Mission complete, it took 40.585s
2018-08-22 13:42:29,613 - TestMyLog - INFO - ctpn inti
2018-08-22 13:44:42,583 - TestMyLog - INFO - ctpn inti
2018-08-22 13:47:44,588 - TestMyLog - INFO - request input : 
{
    "FileList":[
        "./test_images/demo.jpg"
    ],
    "Image":"",
    "TraceId":"20180808010101-0000001"
}
2018-08-22 13:47:44,588 - TestMyLog - INFO - predict ./test_images/demo.jpg begin
2018-08-22 13:48:24,968 - TestMyLog - INFO - Mission complete, it took 40.380s
2018-08-22 14:25:43,026 - TestMyLog - INFO - ctpn inti
2018-08-22 14:25:59,679 - TestMyLog - INFO - request input : 
{
    "FileList":[
        "./test_images/demo.jpg"
    ],
    "Image":"",
    "TraceId":"20180808010101-0000001"
}
2018-08-22 14:25:59,679 - TestMyLog - INFO - predict ./test_images/demo.jpg begin
2018-08-22 14:26:39,857 - TestMyLog - INFO - Mission complete, it took 40.178s
2018-08-22 14:26:39,858 - TestMyLog - INFO - request output : 
{
    "errorcode":"0",
    "errormsg":"OK",
    "file":"./test_images/demo.jpg",
    "items":[
        {
            "itemconf":0.9747254252433777,
            "itemcoord":[
                144.0,
                5.4437174797058105,
                816.003173828125,
                5.515200614929199,
                143.99684143066406,
                35.14686584472656,
                816.0,
                35.21834945678711
            ],
            "words":"1987\u5e74\u80a1\u5e02\u5d29\u76d8\u53ef\u80fd\u662f\u73b0\u4ee3\u4ece\u4f17\u6548\u5e94\u5f15\u8d77\u7684\u7b2c\u4e00\u573a\u5371\u673a\u3002\u91d1\u878d\u4e1a\u666e\u53ca\u4e86\u52a8"
        },
        {
            "itemconf":0.9881898760795593,
            "itemcoord":[
                112.0,
                41.317413330078125,
                816.0013427734375,
                41.345584869384766,
                111.99867248535156,
                74.49046325683594,
                816.0,
                74.51863098144531
            ],
            "words":"\u6001\u6295\u8d44\u7ec4\u5408\u4fdd\u9669\u65b9\u6cd5\u2014\u6d89\u53ca\u4fdd\u62a4\u6295\u8d44\u8005\u907f\u514d\u6295\u8d44\u7ec4\u5408\u4e8f\u635f\u7684\u65b9\u6cd5\u3002\u8bb8\u591a\u673a\u6784\u63d0"
        },
        {
            "itemconf":0.9816058874130249,
            "itemcoord":[
                112.0,
                79.88433074951172,
                800.113525390625,
                82.43319702148438,
                111.886474609375,
                110.5326919555664,
                800.0,
                113.08155059814453
            ],
            "words":"\u4f9b\u8fd9\u79cd\u5b89\u5168\u7684\u4ea4\u6613\u65b9\u5f0f:\u5728\u5e02\u573a\u5411\u4e0b\u65f6\uff0c\u5356\u7a7a\u5e02\u573a;\u5728\u5e02\u573a\u8d70\u9ad8\u65f6\uff0c\u505a\u591a\u5e02\u573a"
        },
        {
            "itemconf":0.9813819527626038,
            "itemcoord":[
                111.99175262451172,
                117.24832153320312,
                624.0,
                117.11056518554688,
                112.0,
                147.89735412597656,
                624.0082397460938,
                147.7595977783203
            ],
            "words":"\u5f53\u7136\uff0c\u4e0a\u8ff0\u65b9\u6cd5\u53ea\u6709\u5e02\u573a\u4e00\u5c0f\u90e8\u5206\u4eba\u91c7\u7528\u65f6\uff0c\u624d\u884c\u4e4b\u6709\u6548\u3002"
        },
        {
            "itemconf":0.9827093482017517,
            "itemcoord":[
                144.0,
                153.52159118652344,
                816.0316772460938,
                154.17616271972656,
                143.9683074951172,
                186.0606689453125,
                816.0,
                186.71524047851562
            ],
            "words":"!\u4f46\u662f\u5982\u679c\u7b56\u7565\u8ffd\u968f\u8005\u53d8\u5f97\u5f88\u591a\uff0c\u6324\u6ee1\u6574\u4e2a\u5e02\u573a\u7a7a\u95f4\uff0c\u5e02\u573a\u5c31\u4f1a\u53d8\u5f97\u4e0d\u7a33\u5b9a\u3002"
        },
        {
            "itemconf":0.9747151136398315,
            "itemcoord":[
                111.93840026855469,
                193.3380889892578,
                800.0,
                191.8654327392578,
                112.0,
                222.11935424804688,
                800.0615844726562,
                220.64669799804688
            ],
            "words":"\u5f53\u5e02\u573a\u884c\u60c5\u4e0d\u597d\u65f6\uff0c\u5f88\u591a\u4eba\u5c31\u4f1a\u5e73\u4ed3,\u4f7f\u5f97\u5e02\u4ef7\u8d8a\u6765\u8d8a\u4f4e\uff0c\u6709\u65f6\u5c31\u4f1a\u5f15\u8d77\u5d29\u76d8:"
        },
        {
            "itemconf":0.990266740322113,
            "itemcoord":[
                112.0,
                229.0714569091797,
                816.0027465820312,
                229.1340789794922,
                111.99726104736328,
                259.89630126953125,
                816.0,
                259.95892333984375
            ],
            "words":"1987\u5e74\uff0c\u6709\u8bb8\u591a\u7684\u8ddf\u98ce\u8005\uff0c\u5e02\u573a\u7a7a\u95f4\u62e5\u6324\u4e0d\u582a\uff0c\u5f88\u591a\u5206\u6790\u6a21\u578b\u5e76\u6ca1\u6709\u5145\u5206\u8003\u8651"
        },
        {
            "itemconf":0.9800471067428589,
            "itemcoord":[
                112.0,
                267.3511962890625,
                240.58660888671875,
                269.8958435058594,
                111.41338348388672,
                296.9942626953125,
                240.0,
                299.5389099121094
            ],
            "words":"\u8fd9\u79cd\u4ece\u4f17\u73b0\u8c61"
        },
        {
            "itemconf":0.9815490245819092,
            "itemcoord":[
                144.0,
                306.1710510253906,
                800.07958984375,
                307.9681091308594,
                143.92041015625,
                335.2298889160156,
                800.0,
                337.0269470214844
            ],
            "words":"!\u4e8b\u969411\u5e74\u4e4b\u540e\u76841998\u5e74,\u53e6\u4e00\u573a\u5927\u5371\u673a\u968f\u5373\u800c\u81f3\uff0c\u5c06\u4fc4\u7f57\u65af\u5e02\u573a\u5377\u4eba\u5176\u4e2d"
        },
        {
            "itemconf":0.9834849834442139,
            "itemcoord":[
                112.0,
                342.4230651855469,
                816.0109252929688,
                342.6776123046875,
                111.98910522460938,
                372.5558776855469,
                816.0,
                372.8104248046875
            ],
            "words":"\u5bfc\u81f4\u8457\u540d\u5bf9\u51b2\u57fa\u91d1\u2014\u7f8e\u56fd\u957f\u671f\u8d44\u672c\u7ba1\u7406\u516c\u53f8\u5012\u95ed\u3002\u57281994\u5e74\uff0c\u7f8e\u56fd\u957f\u671f\u8d44\u672c"
        },
        {
            "itemconf":0.9883561730384827,
            "itemcoord":[
                112.0,
                379.4111022949219,
                816.00146484375,
                379.443603515625,
                111.9985122680664,
                411.61480712890625,
                816.0,
                411.6473388671875
            ],
            "words":"\u7ba1\u7406\u516c\u53f8\u662f\u6700\u5927\u7684\u5bf9\u51b2\u57fa\u91d1\u4e4b\u4e00\u3002\u5b83\u7684\u7ecf\u7406\u628a\u4ece\u6240\u7f57\u95e8\u5144\u5f1f\u90a3\u91cc\u5b66\u5230\u7684\u6280\u672f\u624b\u6bb5"
        },
        {
            "itemconf":0.9601036310195923,
            "itemcoord":[
                112.0,
                418.1766357421875,
                816.0386962890625,
                419.101318359375,
                111.9613037109375,
                447.6405944824219,
                816.0,
                448.5652770996094
            ],
            "words":"\u548c\u5b9a\u91cf\u5206\u6790\u8fd0\u7528\u5230\u6781\u81f4\u3002\u5f7c\u65f6\uff0c\u4ed6\u4eec\u662f\u65b0\u7684\u91d1\u878d\u5e02\u573a\u4e3b\u5bb0\uff0c\u4eba\u4eba\u90fd\u60f3\u4ece\u5176\u60ca\u4eba\u4e1a"
        },
        {
            "itemconf":0.9792687296867371,
            "itemcoord":[
                112.0,
                454.2679138183594,
                240.0729217529297,
                454.5650634765625,
                111.92707824707031,
                485.6978454589844,
                240.0,
                485.9949951171875
            ],
            "words":"\u7ee9\u4e2d\u5206\u4e00\u676f\u7fb9"
        },
        {
            "itemconf":0.9734989404678345,
            "itemcoord":[
                143.96426391601562,
                494.6623229980469,
                816.0,
                493.8321228027344,
                144.0,
                523.5880737304688,
                816.0357055664062,
                522.7578735351562
            ],
            "words":"!\u5f88\u5feb\uff0c\u5176\u4ed6\u673a\u6784\uff08\u5305\u62ec\u9ad8\u76db\u3001\u6469\u6839\u58eb\u4e39\u5229\u3001\u96f7\u66fc\u5144\u5f1f\u53ca\u8bb8\u591a\u65b0\u5bf9\u51b2\u57fa\u91d1\u7684\u81ea"
        },
        {
            "itemconf":0.9946443438529968,
            "itemcoord":[
                112.0,
                531.6578979492188,
                800.0361938476562,
                532.4815063476562,
                111.96379089355469,
                561.9073486328125,
                800.0,
                562.73095703125
            ],
            "words":"\u8425\u4ea4\u6613\u90e8\u95e8\uff09\u5f00\u59cb\u62c6\u89e3\u957f\u671f\u8d44\u672c\u7ba1\u7406\u516c\u53f8\u7684\u6295\u8d44\u7b56\u7565\u2014\u6bcf\u4e00\u79cd\u90fd\u6d89\u53ca\u6760\u6746\u5316"
        },
        {
            "itemconf":0.995968759059906,
            "itemcoord":[
                111.96808624267578,
                566.8378295898438,
                800.0,
                566.1689453125,
                112.0,
                599.6618041992188,
                800.0319213867188,
                598.992919921875
            ],
            "words":"\u4f17\u4eba\u8702\u62e5\u8fdb\u4eba\u5229\u6da6\u4e30\u539a\u7684\u76f8\u5bf9\u4ef7\u503c\u503a\u5238\u5957\u5229\u6295\u8d44\u9886\u57df\u3002\u91cf\u5316\u7b56\u7565\u7684\u8ddf\u98ce\u8005\u5145\u65a5\u4e86"
        },
        {
            "itemconf":0.9865671396255493,
            "itemcoord":[
                111.92919921875,
                606.0446166992188,
                816.0,
                604.4586181640625,
                112.0,
                637.4750366210938,
                816.07080078125,
                635.8890380859375
            ],
            "words":"\u8fd9\u4e2a\u5e02\u573a\u7a7a\u95f4\u3002\u98ce\u9669\u6a21\u578b\u4e0d\u518d\u90a3\u4e48\u7cbe\u786e\uff0c\u56e0\u4e3a\u5b83\u4e0d\u80fd\u53cd\u6620\u8fd9\u79cd\u4ece\u4f17\u73b0\u8c61\u53ca\u5176\u6f5c\u5728"
        },
        {
            "itemconf":0.9936532378196716,
            "itemcoord":[
                112.0,
                642.8131103515625,
                800.0897216796875,
                644.8404541015625,
                111.91029357910156,
                673.2599487304688,
                800.0,
                675.2872314453125
            ],
            "words":"\u5f71\u54cd\u3002\u9ad8\u6760\u6746\u5806\u8d77\u7684\u5934\u5bf8\u610f\u5473\u7740\u4e00\u6709\u98ce\u5439\u8349\u52a8\uff0c\u5c31\u4f1a\u5728\u77ed\u65f6\u95f4\u5185\u6467\u6bc1\u4e00\u5bb6\u516c\u53f8\u3002"
        },
        {
            "itemconf":0.9785917401313782,
            "itemcoord":[
                143.947998046875,
                679.5347900390625,
                816.0,
                678.42431640625,
                144.0,
                711.0028686523438,
                816.052001953125,
                709.8923950195312
            ],
            "words":"{1998\u5e747\u6708\uff0c\u5927\u578b\u6295\u8d44\u673a\u6784\u6240\u7f57\u95e8\u5144\u5f1f\u516c\u53f8\u5f00\u59cb\u5bf9\u4ee5\u5f80\u7684\u8ddf\u98ce\u5934\u5bf8\u8fdb\u884c\u51cf"
        },
        {
            "itemconf":0.984032392501831,
            "itemcoord":[
                111.91547393798828,
                718.2447509765625,
                800.0,
                716.3286743164062,
                112.0,
                748.5978393554688,
                800.0845336914062,
                746.6817626953125
            ],
            "words":"\u4ed3\u30021998\u5e748\u6708\uff0c\u4fc4\u7f57\u65af\u653f\u5e9c\u51fa\u73b0\u503a\u5238\u8fdd\u7ea6\u3002\u5f53\u76f8\u5bf9\u4ef7\u503c\u57fa\u91d1\u593a\u8def\u9003\u547d\u4e4b\u65f6"
        },
        {
            "itemconf":0.9650871157646179,
            "itemcoord":[
                112.0,
                755.1364135742188,
                816.095947265625,
                757.438232421875,
                111.90403747558594,
                784.4883422851562,
                816.0,
                786.7901611328125
            ],
            "words":"{\u4e00\u573a\u201c\u5927\u5730\u9707\u201d\u968f\u4e4b\u800c\u6765\u3002\u957f\u671f\u8d44\u672c\u7ba1\u7406\u516c\u53f8\u6fd2\u4e34\u7834\u4ea7;\u8bb8\u591a\u4eba\u5bb3\u6015\u8fd9\u4f1a\u7834\u574f\u6574"
        },
        {
            "itemconf":0.98801189661026,
            "itemcoord":[
                111.96642303466797,
                791.1217041015625,
                800.0,
                790.40234375,
                112.0,
                823.2363891601562,
                800.0335693359375,
                822.5170288085938
            ],
            "words":"\u4e2a\u91d1\u878d\u7cfb\u7edf\uff0c\u5c31\u59822008\u5e74\u96f7\u66fc\u5144\u5f1f\u516c\u53f8\u90a3\u6837\u3002\u7f8e\u8054\u50a8\u4ecb\u4eba,\u79c1\u4e0b\u534f\u8c03\u89e3\u51b3\u65b9\u6848:"
        },
        {
            "itemconf":0.8891814947128296,
            "itemcoord":[
                112.0,
                832.02587890625,
                288.0439147949219,
                832.3145751953125,
                111.95610046386719,
                858.7957153320312,
                288.0,
                859.0844116210938
            ],
            "words":"\u529b\u56fe\u904f\u5236\u6df7\u4e71\u5c40\u9762\u3002"
        },
        {
            "itemconf":0.9828020930290222,
            "itemcoord":[
                144.0,
                869.2247924804688,
                816.0364379882812,
                870.11181640625,
                143.9635772705078,
                896.8162841796875,
                816.0,
                897.7033081054688
            ],
            "words":"2000\u5e74\uff0c\u7f51\u7edc\u80a1\u7684\u5e02\u76c8\u7387\u9ad8\u81f3\u8352\u8c2c\u4e4b\u4f4d\uff0c\u6295\u8d44\u8005\u8702\u62e5\uff0c\u6ce1\u6cab\u5267\u589e\u3002\u52302000"
        }
    ]
}
2018-08-22 14:28:24,064 - TestMyLog - INFO - ctpn inti
2018-08-22 14:28:36,720 - TestMyLog - INFO - request input : 
{
    "FileList":[
        "./test_images/demo.jpg"
    ],
    "Image":"",
    "TraceId":"20180808010101-0000001"
}
2018-08-22 14:28:36,721 - TestMyLog - INFO - predict ./test_images/demo.jpg begin
2018-08-22 14:29:16,980 - TestMyLog - INFO - Mission complete, it took 40.259s
2018-08-22 14:29:16,981 - TestMyLog - INFO - request output : 
{
    "errorcode":"0",
    "errormsg":"OK",
    "file":"./test_images/demo.jpg",
    "items":[
        {
            "itemconf":0.9747254252433777,
            "itemcoord":[
                144.0,
                5.4437174797058105,
                816.003173828125,
                5.515200614929199,
                143.99684143066406,
                35.14686584472656,
                816.0,
                35.21834945678711
            ],
            "words":"1987\u5e74\u80a1\u5e02\u5d29\u76d8\u53ef\u80fd\u662f\u73b0\u4ee3\u4ece\u4f17\u6548\u5e94\u5f15\u8d77\u7684\u7b2c\u4e00\u573a\u5371\u673a\u3002\u91d1\u878d\u4e1a\u666e\u53ca\u4e86\u52a8"
        },
        {
            "itemconf":0.9881898760795593,
            "itemcoord":[
                112.0,
                41.317413330078125,
                816.0013427734375,
                41.345584869384766,
                111.99867248535156,
                74.49046325683594,
                816.0,
                74.51863098144531
            ],
            "words":"\u6001\u6295\u8d44\u7ec4\u5408\u4fdd\u9669\u65b9\u6cd5\u2014\u6d89\u53ca\u4fdd\u62a4\u6295\u8d44\u8005\u907f\u514d\u6295\u8d44\u7ec4\u5408\u4e8f\u635f\u7684\u65b9\u6cd5\u3002\u8bb8\u591a\u673a\u6784\u63d0"
        },
        {
            "itemconf":0.9816058874130249,
            "itemcoord":[
                112.0,
                79.88433074951172,
                800.113525390625,
                82.43319702148438,
                111.886474609375,
                110.5326919555664,
                800.0,
                113.08155059814453
            ],
            "words":"\u4f9b\u8fd9\u79cd\u5b89\u5168\u7684\u4ea4\u6613\u65b9\u5f0f:\u5728\u5e02\u573a\u5411\u4e0b\u65f6\uff0c\u5356\u7a7a\u5e02\u573a;\u5728\u5e02\u573a\u8d70\u9ad8\u65f6\uff0c\u505a\u591a\u5e02\u573a"
        },
        {
            "itemconf":0.9813819527626038,
            "itemcoord":[
                111.99175262451172,
                117.24832153320312,
                624.0,
                117.11056518554688,
                112.0,
                147.89735412597656,
                624.0082397460938,
                147.7595977783203
            ],
            "words":"\u5f53\u7136\uff0c\u4e0a\u8ff0\u65b9\u6cd5\u53ea\u6709\u5e02\u573a\u4e00\u5c0f\u90e8\u5206\u4eba\u91c7\u7528\u65f6\uff0c\u624d\u884c\u4e4b\u6709\u6548\u3002"
        },
        {
            "itemconf":0.9827093482017517,
            "itemcoord":[
                144.0,
                153.52159118652344,
                816.0316772460938,
                154.17616271972656,
                143.9683074951172,
                186.0606689453125,
                816.0,
                186.71524047851562
            ],
            "words":"!\u4f46\u662f\u5982\u679c\u7b56\u7565\u8ffd\u968f\u8005\u53d8\u5f97\u5f88\u591a\uff0c\u6324\u6ee1\u6574\u4e2a\u5e02\u573a\u7a7a\u95f4\uff0c\u5e02\u573a\u5c31\u4f1a\u53d8\u5f97\u4e0d\u7a33\u5b9a\u3002"
        },
        {
            "itemconf":0.9747151136398315,
            "itemcoord":[
                111.93840026855469,
                193.3380889892578,
                800.0,
                191.8654327392578,
                112.0,
                222.11935424804688,
                800.0615844726562,
                220.64669799804688
            ],
            "words":"\u5f53\u5e02\u573a\u884c\u60c5\u4e0d\u597d\u65f6\uff0c\u5f88\u591a\u4eba\u5c31\u4f1a\u5e73\u4ed3,\u4f7f\u5f97\u5e02\u4ef7\u8d8a\u6765\u8d8a\u4f4e\uff0c\u6709\u65f6\u5c31\u4f1a\u5f15\u8d77\u5d29\u76d8:"
        },
        {
            "itemconf":0.990266740322113,
            "itemcoord":[
                112.0,
                229.0714569091797,
                816.0027465820312,
                229.1340789794922,
                111.99726104736328,
                259.89630126953125,
                816.0,
                259.95892333984375
            ],
            "words":"1987\u5e74\uff0c\u6709\u8bb8\u591a\u7684\u8ddf\u98ce\u8005\uff0c\u5e02\u573a\u7a7a\u95f4\u62e5\u6324\u4e0d\u582a\uff0c\u5f88\u591a\u5206\u6790\u6a21\u578b\u5e76\u6ca1\u6709\u5145\u5206\u8003\u8651"
        },
        {
            "itemconf":0.9800471067428589,
            "itemcoord":[
                112.0,
                267.3511962890625,
                240.58660888671875,
                269.8958435058594,
                111.41338348388672,
                296.9942626953125,
                240.0,
                299.5389099121094
            ],
            "words":"\u8fd9\u79cd\u4ece\u4f17\u73b0\u8c61"
        },
        {
            "itemconf":0.9815490245819092,
            "itemcoord":[
                144.0,
                306.1710510253906,
                800.07958984375,
                307.9681091308594,
                143.92041015625,
                335.2298889160156,
                800.0,
                337.0269470214844
            ],
            "words":"!\u4e8b\u969411\u5e74\u4e4b\u540e\u76841998\u5e74,\u53e6\u4e00\u573a\u5927\u5371\u673a\u968f\u5373\u800c\u81f3\uff0c\u5c06\u4fc4\u7f57\u65af\u5e02\u573a\u5377\u4eba\u5176\u4e2d"
        },
        {
            "itemconf":0.9834849834442139,
            "itemcoord":[
                112.0,
                342.4230651855469,
                816.0109252929688,
                342.6776123046875,
                111.98910522460938,
                372.5558776855469,
                816.0,
                372.8104248046875
            ],
            "words":"\u5bfc\u81f4\u8457\u540d\u5bf9\u51b2\u57fa\u91d1\u2014\u7f8e\u56fd\u957f\u671f\u8d44\u672c\u7ba1\u7406\u516c\u53f8\u5012\u95ed\u3002\u57281994\u5e74\uff0c\u7f8e\u56fd\u957f\u671f\u8d44\u672c"
        },
        {
            "itemconf":0.9883561730384827,
            "itemcoord":[
                112.0,
                379.4111022949219,
                816.00146484375,
                379.443603515625,
                111.9985122680664,
                411.61480712890625,
                816.0,
                411.6473388671875
            ],
            "words":"\u7ba1\u7406\u516c\u53f8\u662f\u6700\u5927\u7684\u5bf9\u51b2\u57fa\u91d1\u4e4b\u4e00\u3002\u5b83\u7684\u7ecf\u7406\u628a\u4ece\u6240\u7f57\u95e8\u5144\u5f1f\u90a3\u91cc\u5b66\u5230\u7684\u6280\u672f\u624b\u6bb5"
        },
        {
            "itemconf":0.9601036310195923,
            "itemcoord":[
                112.0,
                418.1766357421875,
                816.0386962890625,
                419.101318359375,
                111.9613037109375,
                447.6405944824219,
                816.0,
                448.5652770996094
            ],
            "words":"\u548c\u5b9a\u91cf\u5206\u6790\u8fd0\u7528\u5230\u6781\u81f4\u3002\u5f7c\u65f6\uff0c\u4ed6\u4eec\u662f\u65b0\u7684\u91d1\u878d\u5e02\u573a\u4e3b\u5bb0\uff0c\u4eba\u4eba\u90fd\u60f3\u4ece\u5176\u60ca\u4eba\u4e1a"
        },
        {
            "itemconf":0.9792687296867371,
            "itemcoord":[
                112.0,
                454.2679138183594,
                240.0729217529297,
                454.5650634765625,
                111.92707824707031,
                485.6978454589844,
                240.0,
                485.9949951171875
            ],
            "words":"\u7ee9\u4e2d\u5206\u4e00\u676f\u7fb9"
        },
        {
            "itemconf":0.9734989404678345,
            "itemcoord":[
                143.96426391601562,
                494.6623229980469,
                816.0,
                493.8321228027344,
                144.0,
                523.5880737304688,
                816.0357055664062,
                522.7578735351562
            ],
            "words":"!\u5f88\u5feb\uff0c\u5176\u4ed6\u673a\u6784\uff08\u5305\u62ec\u9ad8\u76db\u3001\u6469\u6839\u58eb\u4e39\u5229\u3001\u96f7\u66fc\u5144\u5f1f\u53ca\u8bb8\u591a\u65b0\u5bf9\u51b2\u57fa\u91d1\u7684\u81ea"
        },
        {
            "itemconf":0.9946443438529968,
            "itemcoord":[
                112.0,
                531.6578979492188,
                800.0361938476562,
                532.4815063476562,
                111.96379089355469,
                561.9073486328125,
                800.0,
                562.73095703125
            ],
            "words":"\u8425\u4ea4\u6613\u90e8\u95e8\uff09\u5f00\u59cb\u62c6\u89e3\u957f\u671f\u8d44\u672c\u7ba1\u7406\u516c\u53f8\u7684\u6295\u8d44\u7b56\u7565\u2014\u6bcf\u4e00\u79cd\u90fd\u6d89\u53ca\u6760\u6746\u5316"
        },
        {
            "itemconf":0.995968759059906,
            "itemcoord":[
                111.96808624267578,
                566.8378295898438,
                800.0,
                566.1689453125,
                112.0,
                599.6618041992188,
                800.0319213867188,
                598.992919921875
            ],
            "words":"\u4f17\u4eba\u8702\u62e5\u8fdb\u4eba\u5229\u6da6\u4e30\u539a\u7684\u76f8\u5bf9\u4ef7\u503c\u503a\u5238\u5957\u5229\u6295\u8d44\u9886\u57df\u3002\u91cf\u5316\u7b56\u7565\u7684\u8ddf\u98ce\u8005\u5145\u65a5\u4e86"
        },
        {
            "itemconf":0.9865671396255493,
            "itemcoord":[
                111.92919921875,
                606.0446166992188,
                816.0,
                604.4586181640625,
                112.0,
                637.4750366210938,
                816.07080078125,
                635.8890380859375
            ],
            "words":"\u8fd9\u4e2a\u5e02\u573a\u7a7a\u95f4\u3002\u98ce\u9669\u6a21\u578b\u4e0d\u518d\u90a3\u4e48\u7cbe\u786e\uff0c\u56e0\u4e3a\u5b83\u4e0d\u80fd\u53cd\u6620\u8fd9\u79cd\u4ece\u4f17\u73b0\u8c61\u53ca\u5176\u6f5c\u5728"
        },
        {
            "itemconf":0.9936532378196716,
            "itemcoord":[
                112.0,
                642.8131103515625,
                800.0897216796875,
                644.8404541015625,
                111.91029357910156,
                673.2599487304688,
                800.0,
                675.2872314453125
            ],
            "words":"\u5f71\u54cd\u3002\u9ad8\u6760\u6746\u5806\u8d77\u7684\u5934\u5bf8\u610f\u5473\u7740\u4e00\u6709\u98ce\u5439\u8349\u52a8\uff0c\u5c31\u4f1a\u5728\u77ed\u65f6\u95f4\u5185\u6467\u6bc1\u4e00\u5bb6\u516c\u53f8\u3002"
        },
        {
            "itemconf":0.9785917401313782,
            "itemcoord":[
                143.947998046875,
                679.5347900390625,
                816.0,
                678.42431640625,
                144.0,
                711.0028686523438,
                816.052001953125,
                709.8923950195312
            ],
            "words":"{1998\u5e747\u6708\uff0c\u5927\u578b\u6295\u8d44\u673a\u6784\u6240\u7f57\u95e8\u5144\u5f1f\u516c\u53f8\u5f00\u59cb\u5bf9\u4ee5\u5f80\u7684\u8ddf\u98ce\u5934\u5bf8\u8fdb\u884c\u51cf"
        },
        {
            "itemconf":0.984032392501831,
            "itemcoord":[
                111.91547393798828,
                718.2447509765625,
                800.0,
                716.3286743164062,
                112.0,
                748.5978393554688,
                800.0845336914062,
                746.6817626953125
            ],
            "words":"\u4ed3\u30021998\u5e748\u6708\uff0c\u4fc4\u7f57\u65af\u653f\u5e9c\u51fa\u73b0\u503a\u5238\u8fdd\u7ea6\u3002\u5f53\u76f8\u5bf9\u4ef7\u503c\u57fa\u91d1\u593a\u8def\u9003\u547d\u4e4b\u65f6"
        },
        {
            "itemconf":0.9650871157646179,
            "itemcoord":[
                112.0,
                755.1364135742188,
                816.095947265625,
                757.438232421875,
                111.90403747558594,
                784.4883422851562,
                816.0,
                786.7901611328125
            ],
            "words":"{\u4e00\u573a\u201c\u5927\u5730\u9707\u201d\u968f\u4e4b\u800c\u6765\u3002\u957f\u671f\u8d44\u672c\u7ba1\u7406\u516c\u53f8\u6fd2\u4e34\u7834\u4ea7;\u8bb8\u591a\u4eba\u5bb3\u6015\u8fd9\u4f1a\u7834\u574f\u6574"
        },
        {
            "itemconf":0.98801189661026,
            "itemcoord":[
                111.96642303466797,
                791.1217041015625,
                800.0,
                790.40234375,
                112.0,
                823.2363891601562,
                800.0335693359375,
                822.5170288085938
            ],
            "words":"\u4e2a\u91d1\u878d\u7cfb\u7edf\uff0c\u5c31\u59822008\u5e74\u96f7\u66fc\u5144\u5f1f\u516c\u53f8\u90a3\u6837\u3002\u7f8e\u8054\u50a8\u4ecb\u4eba,\u79c1\u4e0b\u534f\u8c03\u89e3\u51b3\u65b9\u6848:"
        },
        {
            "itemconf":0.8891814947128296,
            "itemcoord":[
                112.0,
                832.02587890625,
                288.0439147949219,
                832.3145751953125,
                111.95610046386719,
                858.7957153320312,
                288.0,
                859.0844116210938
            ],
            "words":"\u529b\u56fe\u904f\u5236\u6df7\u4e71\u5c40\u9762\u3002"
        },
        {
            "itemconf":0.9828020930290222,
            "itemcoord":[
                144.0,
                869.2247924804688,
                816.0364379882812,
                870.11181640625,
                143.9635772705078,
                896.8162841796875,
                816.0,
                897.7033081054688
            ],
            "words":"2000\u5e74\uff0c\u7f51\u7edc\u80a1\u7684\u5e02\u76c8\u7387\u9ad8\u81f3\u8352\u8c2c\u4e4b\u4f4d\uff0c\u6295\u8d44\u8005\u8702\u62e5\uff0c\u6ce1\u6cab\u5267\u589e\u3002\u52302000"
        }
    ]
}
2018-08-22 14:30:02,784 - TestMyLog - INFO - ctpn inti
2018-08-22 14:30:25,528 - TestMyLog - INFO - request input : 
{
    "FileList":[
        "./test_images/demo.jpg"
    ],
    "Image":"",
    "TraceId":"20180808010101-0000001"
}
2018-08-22 14:30:25,528 - TestMyLog - INFO - predict ./test_images/demo.jpg begin
2018-08-22 14:31:06,165 - TestMyLog - INFO - Mission complete, it took 40.637s
2018-08-22 14:31:06,166 - TestMyLog - INFO - request output : 
{
    "errorcode":"0",
    "errormsg":"OK",
    "file":"./test_images/demo.jpg",
    "items":[
        {
            "itemconf":0.9747254252433777,
            "itemcoord":[
                144.0,
                5.4437174797058105,
                816.003173828125,
                5.515200614929199,
                143.99684143066406,
                35.14686584472656,
                816.0,
                35.21834945678711
            ],
            "words":"1987\u5e74\u80a1\u5e02\u5d29\u76d8\u53ef\u80fd\u662f\u73b0\u4ee3\u4ece\u4f17\u6548\u5e94\u5f15\u8d77\u7684\u7b2c\u4e00\u573a\u5371\u673a\u3002\u91d1\u878d\u4e1a\u666e\u53ca\u4e86\u52a8"
        },
        {
            "itemconf":0.9881898760795593,
            "itemcoord":[
                112.0,
                41.317413330078125,
                816.0013427734375,
                41.345584869384766,
                111.99867248535156,
                74.49046325683594,
                816.0,
                74.51863098144531
            ],
            "words":"\u6001\u6295\u8d44\u7ec4\u5408\u4fdd\u9669\u65b9\u6cd5\u2014\u6d89\u53ca\u4fdd\u62a4\u6295\u8d44\u8005\u907f\u514d\u6295\u8d44\u7ec4\u5408\u4e8f\u635f\u7684\u65b9\u6cd5\u3002\u8bb8\u591a\u673a\u6784\u63d0"
        },
        {
            "itemconf":0.9816058874130249,
            "itemcoord":[
                112.0,
                79.88433074951172,
                800.113525390625,
                82.43319702148438,
                111.886474609375,
                110.5326919555664,
                800.0,
                113.08155059814453
            ],
            "words":"\u4f9b\u8fd9\u79cd\u5b89\u5168\u7684\u4ea4\u6613\u65b9\u5f0f:\u5728\u5e02\u573a\u5411\u4e0b\u65f6\uff0c\u5356\u7a7a\u5e02\u573a;\u5728\u5e02\u573a\u8d70\u9ad8\u65f6\uff0c\u505a\u591a\u5e02\u573a"
        },
        {
            "itemconf":0.9813819527626038,
            "itemcoord":[
                111.99175262451172,
                117.24832153320312,
                624.0,
                117.11056518554688,
                112.0,
                147.89735412597656,
                624.0082397460938,
                147.7595977783203
            ],
            "words":"\u5f53\u7136\uff0c\u4e0a\u8ff0\u65b9\u6cd5\u53ea\u6709\u5e02\u573a\u4e00\u5c0f\u90e8\u5206\u4eba\u91c7\u7528\u65f6\uff0c\u624d\u884c\u4e4b\u6709\u6548\u3002"
        },
        {
            "itemconf":0.9827093482017517,
            "itemcoord":[
                144.0,
                153.52159118652344,
                816.0316772460938,
                154.17616271972656,
                143.9683074951172,
                186.0606689453125,
                816.0,
                186.71524047851562
            ],
            "words":"!\u4f46\u662f\u5982\u679c\u7b56\u7565\u8ffd\u968f\u8005\u53d8\u5f97\u5f88\u591a\uff0c\u6324\u6ee1\u6574\u4e2a\u5e02\u573a\u7a7a\u95f4\uff0c\u5e02\u573a\u5c31\u4f1a\u53d8\u5f97\u4e0d\u7a33\u5b9a\u3002"
        },
        {
            "itemconf":0.9747151136398315,
            "itemcoord":[
                111.93840026855469,
                193.3380889892578,
                800.0,
                191.8654327392578,
                112.0,
                222.11935424804688,
                800.0615844726562,
                220.64669799804688
            ],
            "words":"\u5f53\u5e02\u573a\u884c\u60c5\u4e0d\u597d\u65f6\uff0c\u5f88\u591a\u4eba\u5c31\u4f1a\u5e73\u4ed3,\u4f7f\u5f97\u5e02\u4ef7\u8d8a\u6765\u8d8a\u4f4e\uff0c\u6709\u65f6\u5c31\u4f1a\u5f15\u8d77\u5d29\u76d8:"
        },
        {
            "itemconf":0.990266740322113,
            "itemcoord":[
                112.0,
                229.0714569091797,
                816.0027465820312,
                229.1340789794922,
                111.99726104736328,
                259.89630126953125,
                816.0,
                259.95892333984375
            ],
            "words":"1987\u5e74\uff0c\u6709\u8bb8\u591a\u7684\u8ddf\u98ce\u8005\uff0c\u5e02\u573a\u7a7a\u95f4\u62e5\u6324\u4e0d\u582a\uff0c\u5f88\u591a\u5206\u6790\u6a21\u578b\u5e76\u6ca1\u6709\u5145\u5206\u8003\u8651"
        },
        {
            "itemconf":0.9800471067428589,
            "itemcoord":[
                112.0,
                267.3511962890625,
                240.58660888671875,
                269.8958435058594,
                111.41338348388672,
                296.9942626953125,
                240.0,
                299.5389099121094
            ],
            "words":"\u8fd9\u79cd\u4ece\u4f17\u73b0\u8c61"
        },
        {
            "itemconf":0.9815490245819092,
            "itemcoord":[
                144.0,
                306.1710510253906,
                800.07958984375,
                307.9681091308594,
                143.92041015625,
                335.2298889160156,
                800.0,
                337.0269470214844
            ],
            "words":"!\u4e8b\u969411\u5e74\u4e4b\u540e\u76841998\u5e74,\u53e6\u4e00\u573a\u5927\u5371\u673a\u968f\u5373\u800c\u81f3\uff0c\u5c06\u4fc4\u7f57\u65af\u5e02\u573a\u5377\u4eba\u5176\u4e2d"
        },
        {
            "itemconf":0.9834849834442139,
            "itemcoord":[
                112.0,
                342.4230651855469,
                816.0109252929688,
                342.6776123046875,
                111.98910522460938,
                372.5558776855469,
                816.0,
                372.8104248046875
            ],
            "words":"\u5bfc\u81f4\u8457\u540d\u5bf9\u51b2\u57fa\u91d1\u2014\u7f8e\u56fd\u957f\u671f\u8d44\u672c\u7ba1\u7406\u516c\u53f8\u5012\u95ed\u3002\u57281994\u5e74\uff0c\u7f8e\u56fd\u957f\u671f\u8d44\u672c"
        },
        {
            "itemconf":0.9883561730384827,
            "itemcoord":[
                112.0,
                379.4111022949219,
                816.00146484375,
                379.443603515625,
                111.9985122680664,
                411.61480712890625,
                816.0,
                411.6473388671875
            ],
            "words":"\u7ba1\u7406\u516c\u53f8\u662f\u6700\u5927\u7684\u5bf9\u51b2\u57fa\u91d1\u4e4b\u4e00\u3002\u5b83\u7684\u7ecf\u7406\u628a\u4ece\u6240\u7f57\u95e8\u5144\u5f1f\u90a3\u91cc\u5b66\u5230\u7684\u6280\u672f\u624b\u6bb5"
        },
        {
            "itemconf":0.9601036310195923,
            "itemcoord":[
                112.0,
                418.1766357421875,
                816.0386962890625,
                419.101318359375,
                111.9613037109375,
                447.6405944824219,
                816.0,
                448.5652770996094
            ],
            "words":"\u548c\u5b9a\u91cf\u5206\u6790\u8fd0\u7528\u5230\u6781\u81f4\u3002\u5f7c\u65f6\uff0c\u4ed6\u4eec\u662f\u65b0\u7684\u91d1\u878d\u5e02\u573a\u4e3b\u5bb0\uff0c\u4eba\u4eba\u90fd\u60f3\u4ece\u5176\u60ca\u4eba\u4e1a"
        },
        {
            "itemconf":0.9792687296867371,
            "itemcoord":[
                112.0,
                454.2679138183594,
                240.0729217529297,
                454.5650634765625,
                111.92707824707031,
                485.6978454589844,
                240.0,
                485.9949951171875
            ],
            "words":"\u7ee9\u4e2d\u5206\u4e00\u676f\u7fb9"
        },
        {
            "itemconf":0.9734989404678345,
            "itemcoord":[
                143.96426391601562,
                494.6623229980469,
                816.0,
                493.8321228027344,
                144.0,
                523.5880737304688,
                816.0357055664062,
                522.7578735351562
            ],
            "words":"!\u5f88\u5feb\uff0c\u5176\u4ed6\u673a\u6784\uff08\u5305\u62ec\u9ad8\u76db\u3001\u6469\u6839\u58eb\u4e39\u5229\u3001\u96f7\u66fc\u5144\u5f1f\u53ca\u8bb8\u591a\u65b0\u5bf9\u51b2\u57fa\u91d1\u7684\u81ea"
        },
        {
            "itemconf":0.9946443438529968,
            "itemcoord":[
                112.0,
                531.6578979492188,
                800.0361938476562,
                532.4815063476562,
                111.96379089355469,
                561.9073486328125,
                800.0,
                562.73095703125
            ],
            "words":"\u8425\u4ea4\u6613\u90e8\u95e8\uff09\u5f00\u59cb\u62c6\u89e3\u957f\u671f\u8d44\u672c\u7ba1\u7406\u516c\u53f8\u7684\u6295\u8d44\u7b56\u7565\u2014\u6bcf\u4e00\u79cd\u90fd\u6d89\u53ca\u6760\u6746\u5316"
        },
        {
            "itemconf":0.995968759059906,
            "itemcoord":[
                111.96808624267578,
                566.8378295898438,
                800.0,
                566.1689453125,
                112.0,
                599.6618041992188,
                800.0319213867188,
                598.992919921875
            ],
            "words":"\u4f17\u4eba\u8702\u62e5\u8fdb\u4eba\u5229\u6da6\u4e30\u539a\u7684\u76f8\u5bf9\u4ef7\u503c\u503a\u5238\u5957\u5229\u6295\u8d44\u9886\u57df\u3002\u91cf\u5316\u7b56\u7565\u7684\u8ddf\u98ce\u8005\u5145\u65a5\u4e86"
        },
        {
            "itemconf":0.9865671396255493,
            "itemcoord":[
                111.92919921875,
                606.0446166992188,
                816.0,
                604.4586181640625,
                112.0,
                637.4750366210938,
                816.07080078125,
                635.8890380859375
            ],
            "words":"\u8fd9\u4e2a\u5e02\u573a\u7a7a\u95f4\u3002\u98ce\u9669\u6a21\u578b\u4e0d\u518d\u90a3\u4e48\u7cbe\u786e\uff0c\u56e0\u4e3a\u5b83\u4e0d\u80fd\u53cd\u6620\u8fd9\u79cd\u4ece\u4f17\u73b0\u8c61\u53ca\u5176\u6f5c\u5728"
        },
        {
            "itemconf":0.9936532378196716,
            "itemcoord":[
                112.0,
                642.8131103515625,
                800.0897216796875,
                644.8404541015625,
                111.91029357910156,
                673.2599487304688,
                800.0,
                675.2872314453125
            ],
            "words":"\u5f71\u54cd\u3002\u9ad8\u6760\u6746\u5806\u8d77\u7684\u5934\u5bf8\u610f\u5473\u7740\u4e00\u6709\u98ce\u5439\u8349\u52a8\uff0c\u5c31\u4f1a\u5728\u77ed\u65f6\u95f4\u5185\u6467\u6bc1\u4e00\u5bb6\u516c\u53f8\u3002"
        },
        {
            "itemconf":0.9785917401313782,
            "itemcoord":[
                143.947998046875,
                679.5347900390625,
                816.0,
                678.42431640625,
                144.0,
                711.0028686523438,
                816.052001953125,
                709.8923950195312
            ],
            "words":"{1998\u5e747\u6708\uff0c\u5927\u578b\u6295\u8d44\u673a\u6784\u6240\u7f57\u95e8\u5144\u5f1f\u516c\u53f8\u5f00\u59cb\u5bf9\u4ee5\u5f80\u7684\u8ddf\u98ce\u5934\u5bf8\u8fdb\u884c\u51cf"
        },
        {
            "itemconf":0.984032392501831,
            "itemcoord":[
                111.91547393798828,
                718.2447509765625,
                800.0,
                716.3286743164062,
                112.0,
                748.5978393554688,
                800.0845336914062,
                746.6817626953125
            ],
            "words":"\u4ed3\u30021998\u5e748\u6708\uff0c\u4fc4\u7f57\u65af\u653f\u5e9c\u51fa\u73b0\u503a\u5238\u8fdd\u7ea6\u3002\u5f53\u76f8\u5bf9\u4ef7\u503c\u57fa\u91d1\u593a\u8def\u9003\u547d\u4e4b\u65f6"
        },
        {
            "itemconf":0.9650871157646179,
            "itemcoord":[
                112.0,
                755.1364135742188,
                816.095947265625,
                757.438232421875,
                111.90403747558594,
                784.4883422851562,
                816.0,
                786.7901611328125
            ],
            "words":"{\u4e00\u573a\u201c\u5927\u5730\u9707\u201d\u968f\u4e4b\u800c\u6765\u3002\u957f\u671f\u8d44\u672c\u7ba1\u7406\u516c\u53f8\u6fd2\u4e34\u7834\u4ea7;\u8bb8\u591a\u4eba\u5bb3\u6015\u8fd9\u4f1a\u7834\u574f\u6574"
        },
        {
            "itemconf":0.98801189661026,
            "itemcoord":[
                111.96642303466797,
                791.1217041015625,
                800.0,
                790.40234375,
                112.0,
                823.2363891601562,
                800.0335693359375,
                822.5170288085938
            ],
            "words":"\u4e2a\u91d1\u878d\u7cfb\u7edf\uff0c\u5c31\u59822008\u5e74\u96f7\u66fc\u5144\u5f1f\u516c\u53f8\u90a3\u6837\u3002\u7f8e\u8054\u50a8\u4ecb\u4eba,\u79c1\u4e0b\u534f\u8c03\u89e3\u51b3\u65b9\u6848:"
        },
        {
            "itemconf":0.8891814947128296,
            "itemcoord":[
                112.0,
                832.02587890625,
                288.0439147949219,
                832.3145751953125,
                111.95610046386719,
                858.7957153320312,
                288.0,
                859.0844116210938
            ],
            "words":"\u529b\u56fe\u904f\u5236\u6df7\u4e71\u5c40\u9762\u3002"
        },
        {
            "itemconf":0.9828020930290222,
            "itemcoord":[
                144.0,
                869.2247924804688,
                816.0364379882812,
                870.11181640625,
                143.9635772705078,
                896.8162841796875,
                816.0,
                897.7033081054688
            ],
            "words":"2000\u5e74\uff0c\u7f51\u7edc\u80a1\u7684\u5e02\u76c8\u7387\u9ad8\u81f3\u8352\u8c2c\u4e4b\u4f4d\uff0c\u6295\u8d44\u8005\u8702\u62e5\uff0c\u6ce1\u6cab\u5267\u589e\u3002\u52302000"
        }
    ]
}
